DEBUG 14 Sep 2015 10:42:07,271 - activities: Found 3 rows with 3 columns 
DEBUG 14 Sep 2015 10:44:07,942 - activities: Found 3 rows with 3 columns 
DEBUG 14 Sep 2015 11:06:18,518 - activities: Found 1 rows with 4 columns 
DEBUG 14 Sep 2015 11:06:39,850 - activities: Found 1 rows with 4 columns 
DEBUG 14 Sep 2015 11:08:01,175 - activities: Found 1 rows with 4 columns 
DEBUG 14 Sep 2015 11:09:40,544 - activities: Found 3 rows with 3 columns 
DEBUG 14 Sep 2015 11:09:47,127 - activities: Found 1 rows with 4 columns 
DEBUG 14 Sep 2015 11:12:09,983 - activities: Found 1 rows with 4 columns 
DEBUG 14 Sep 2015 11:14:35,769 - activities: Found 1 rows with 4 columns 
DEBUG 14 Sep 2015 11:14:43,284 - activities: Found 3 rows with 3 columns 
DEBUG 14 Sep 2015 11:15:23,283 - activities: Found 3 rows with 3 columns 
DEBUG 14 Sep 2015 11:15:33,772 - activities: Found 1 rows with 4 columns 
DEBUG 14 Sep 2015 11:18:08,994 - activities: Found 3 rows with 3 columns 
DEBUG 14 Sep 2015 11:18:16,782 - activities: Found 3 rows with 3 columns 
DEBUG 14 Sep 2015 11:18:22,788 - activities: Found 2 rows with 4 columns 
DEBUG 14 Sep 2015 11:18:35,774 - activities: Found 1 rows with 4 columns 
DEBUG 14 Sep 2015 11:18:44,422 - activities: Found 2 rows with 4 columns 
DEBUG 14 Sep 2015 11:23:50,746 - activities: Found 2 rows with 4 columns 
DEBUG 14 Sep 2015 11:24:21,166 - activities: Found 3 rows with 3 columns 
DEBUG 14 Sep 2015 11:24:43,767 - activities: Found 4 rows with 3 columns 
DEBUG 14 Sep 2015 11:24:53,203 - activities: Found 4 rows with 3 columns 
INFO 14 Sep 2015 11:31:39,930 - C:\Users\rweber\Desktop\test 
INFO 14 Sep 2015 11:35:36,082 - C:\Users\rweber\Desktop\test 
INFO 14 Sep 2015 11:35:42,490 - C:\Users\rweber\ownCloud\test.csv 
INFO 14 Sep 2015 11:44:05,056 - CSV file written 
INFO 14 Sep 2015 11:58:05,612 - Couln't write file 
INFO 14 Sep 2015 11:58:34,182 - Couln't write file 
INFO 14 Sep 2015 11:59:03,355 - Couln't write file 
INFO 14 Sep 2015 11:59:29,347 - CSV file written 
